Servers running at http://127.0.0.1:8484/
Connected event stream 1: /stream
Connected event stream 3: /conkey
Connected event stream 1: /stream
Connected event stream 1: /stream
SSE1: /firefox/喜歡玩文字網愛嗎?
SSE1: /firefox/喜歡玩文字網愛嗎?
Connected event stream 1: /stream
Connected event stream 1: /stream
Connected event stream 1: /stream
SSE1: /firefox/喜歡玩文字網愛嗎?
SSE1: /firefox/喜歡玩文字網愛嗎?
SSE1: /firefox/喜歡玩文字網愛嗎?
SSE1: /firefox/喜歡玩文字網愛嗎?
SSE1: /firefox/有些女人喜歡的
SSE1: /firefox/喜歡玩文字網愛嗎?
SSE1: /firefox/喜歡玩文字網愛嗎?
SSE1: /firefox/喜歡玩文字網愛嗎?
SSE1: /firefox/喜歡玩文字網愛嗎?
SSE1: /firefox/喜歡玩文字網愛嗎?
SSE1: /firefox/喜歡玩文字網愛嗎?
DB name = YKY-custom-pinyins-ZH.txt
DB name = all-freqs.txt
DB name = exact-Google-pinyins.txt
DB name = hcutf8-YKY.txt
DB name = pinyins.txt
DB name = database_default.txt
Connected event stream 3: /conkey
Connected event stream 3: /conkey
Connected event stream 1: /stream
Connected event stream 1: /stream
Connected event stream 1: /stream
Connected event stream 1: /stream
Connected event stream 1: /stream
Connected event stream 3: /conkey
Connected event stream 1: /stream
Connected event stream 1: /stream
Connected event stream 3: /conkey
Connected event stream 1: /stream
Connected event stream 1: /stream
Connected event stream 3: /conkey
Connected event stream 1: /stream
Connected event stream 1: /stream
Connected event stream 1: /stream
Connected event stream 1: /stream
SSE1: /firefox/喜歡玩文字網愛嗎?
SSE1: /firefox/喜歡玩文字網愛嗎?
Connected event stream 1: /stream
Connected event stream 1: /stream
Connected event stream 1: /stream
SSE1: /firefox/喜歡玩文字網愛嗎?
SSE1: /firefox/喜歡玩文字網愛嗎?
SSE1: /firefox/喜歡玩文字網愛嗎?
SSE1: /firefox/喜歡玩文字網愛嗎?
SSE1: /firefox/喜歡玩文字網愛嗎?
SSE1: /firefox/妳喜歡怎樣的情節？ :)
SSE1: /firefox/有沒有幻想過…… 被幾個男人分享……？
SSE1: /firefox/劇情是怎樣的？
SSE1: /firefox/我有時會幻想……將妻子或女友分享給別人……
SSE1: /firefox/兩對不同的夫妻……
SSE1: /firefox/是初次見面嗎？
SSE1: /firefox/嗯…… 很性感……
SSE1: /firefox/妳會怎樣穿著和打扮？
SSE1: /firefox/想不想只有妳一個女人…… 被幾個男人分享……？
SSE1: /firefox/會對妳很溫柔……
SSE1: /firefox/喜歡玩文字網愛嗎?
SSE1: /firefox/老公喜歡看幾個男人在分享妳……
SSE1: /firefox/妳會覺得怎樣……？
SSE1: /firefox/老公不會介意妳表現得淫蕩…… 
SSE1: /firefox/還會更加愛妳……
SSE1: /firefox/嗯……會找一些陌生人來陪你玩……
SSE1: /firefox/你覺得有幾個男人最好.....？
SSE1: /firefox/如果妳喜歡也可以只讓我看妳跟陌生人……
SSE1: /firefox/妳會覺得怎樣……？
SSE1: /firefox/妳可以不用顧慮我妒忌……
SSE1: /firefox/可以跟 3－4 個陌生人一起……
SSE1: /firefox/妳會不會很容易就高潮了？
SSE1: /firefox/他們會很溫柔地對妳……
SSE1: /firefox/只想看妳淫蕩的樣子……
SSE1: /firefox/或者帶他們到家裡，妳只穿內衣見他們……
SSE1: /firefox/（妳身材怎樣？）
SSE1: /firefox/很豐滿的樣子……
SSE1: /firefox/170cm，79kg，中等身材
SSE1: /firefox/妳喜歡男人們怎樣對妳……？
SSE1: /firefox/讓我看著妳被幾個男人奸淫…… 妳喜歡嗎？
SSE1: /firefox/會不會很快就高潮了啊
SSE1: /firefox/形容一下妳會穿的內衣款式……？
SSE1: /firefox/想不想穿那種輕飄飄的短裙……
SSE1: /firefox/喜歡玩文字網愛嗎?
SSE1: /firefox/喜歡玩文字網愛嗎?
SSE1: /firefox/喜歡玩文字網愛嗎?
SSE1: /firefox/喜歡玩文字網愛嗎?
SSE1: /firefox/喜歡玩文字網愛嗎?
SSE1: /firefox/喜歡玩文字網愛嗎?
SSE1: /firefox/他們可以很容易掀起妳的裙子……
SSE1: /firefox/他們可以很容易掀起妳的裙子……
SSE1: /firefox/妳故意將裙子拉得很高……在腰部……
SSE1: /firefox/在山上怎樣……？
SSE1: /firefox/喜歡在危險的公眾地方……？
SSE1: /firefox/好……可以安排4－5個男的……像輪奸的樣子……好嗎？
SSE1: /firefox/喜歡玩文字網愛嗎?
SSE1: /firefox/我帶妳到一處樹林樣的地方……
SSE1: /firefox/然後我們遇到一班陌生人……看不清他們樣子……
SSE1: /firefox/我故意站在一邊不理妳……
SSE1: /firefox/喜歡玩文字網愛嗎?
SSE1: /firefox/喜歡玩文字網愛嗎?
SSE1: /firefox/喜歡玩文字網愛嗎?
SSE1: /firefox/喜歡玩文字網愛嗎?
SSE1: /firefox/喜歡玩文字網愛嗎?
SSE1: /firefox/喜歡玩文字網愛嗎?
SSE1: /firefox/喜歡玩文字網愛嗎?
SSE1: /firefox/喜歡玩文字網愛嗎?
Shell command: ls logs -rtlGg|cut -d' ' -f3-|tail -n5
 4230 Sep  7 22:37 淫蕩角色扮演網愛.9-7-2024(22:37).txt
 6384 Jan  4 06:22 Christine.4-1-2025(06:22).txt
 9052 Jan  5 09:20 test.4-1-2025(6:10).txt
 9052 Jan  5 09:20 quick.4-1-2025(6:6).txt
   87 Jan  5 09:20 quick.4-1-2025(6:19).txt

SSE1: /firefox/!log 淫叫聲
Shell command: ls logs -rtlGg|cut -d' ' -f3-|tail -n5
 4230 Sep  7 22:37 淫蕩角色扮演網愛.9-7-2024(22:37).txt
 6384 Jan  4 06:22 Christine.4-1-2025(06:22).txt
 9052 Jan  5 09:20 test.4-1-2025(6:10).txt
 9052 Jan  5 09:20 quick.4-1-2025(6:6).txt
   87 Jan  5 09:20 quick.4-1-2025(6:19).txt

Shell command: ls logs -rtlGg|cut -d' ' -f3-|tail -n5
 4230 Sep  7 22:37 淫蕩角色扮演網愛.9-7-2024(22:37).txt
 6384 Jan  4 06:22 Christine.4-1-2025(06:22).txt
 9052 Jan  5 09:20 test.4-1-2025(6:10).txt
 9052 Jan  5 09:20 quick.4-1-2025(6:6).txt
   87 Jan  5 09:20 quick.4-1-2025(6:19).txt

Shell command: ls logs -rtlGg|cut -d' ' -f3-|tail -n5
 4230 Sep  7 22:37 淫蕩角色扮演網愛.9-7-2024(22:37).txt
 6384 Jan  4 06:22 Christine.4-1-2025(06:22).txt
 9052 Jan  5 09:20 test.4-1-2025(6:10).txt
 9052 Jan  5 09:20 quick.4-1-2025(6:6).txt
   87 Jan  5 09:20 quick.4-1-2025(6:19).txt

Connected event stream 3: /conkey
Connected event stream 1: /stream
Connected event stream 1: /stream
Connected event stream 1: /stream
Connected event stream 1: /stream
淫叫聲.9-1-2025(21:46).txt saved!
Connected event stream 1: /stream
Connected event stream 1: /stream
Connected event stream 1: /stream
Connected event stream 3: /conkey
Connected event stream 1: /stream
Connected event stream 1: /stream
Connected event stream 1: /stream
Connected event stream 1: /stream
Connected event stream 3: /conkey
Connected event stream 1: /stream
Connected event stream 1: /stream
SSE1: /firefox/!his
Servers running at http://127.0.0.1:8484/
DB name = YKY-custom-pinyins-ZH.txt
DB name = all-freqs.txt
DB name = exact-Google-pinyins.txt
DB name = hcutf8-YKY.txt
DB name = pinyins.txt
DB name = database_default.txt
Connected event stream 3: /conkey
Connected event stream 1: /stream
Connected event stream 3: /conkey
Connected event stream 1: /stream
Connected event stream 1: /stream
Connected event stream 3: /conkey
Connected event stream 1: /stream
Connected event stream 1: /stream
SSE1: /firefox/喜歡玩文字網愛嗎?
SSE1: /firefox/喜歡玩文字網愛嗎?
Connected event stream 1: /stream
Connected event stream 1: /stream
Connected event stream 1: /stream
SSE1: /firefox/喜歡玩文字網愛嗎?
SSE1: /firefox/喜歡玩文字網愛嗎?
SSE1: /firefox/喜歡玩文字網愛嗎?
SSE1: /firefox/喜歡玩文字網愛嗎?
SSE1: /firefox/喜歡玩文字網愛嗎?
Connected event stream 3: /conkey
Connected event stream 1: /stream
Connected event stream 1: /stream
Connected event stream 1: /stream
Connected event stream 1: /stream
Connected event stream 1: /stream
Connected event stream 1: /stream
Connected event stream 1: /stream
Connected event stream 1: /stream
Connected event stream 1: /stream
Connected event stream 1: /stream
SSE1: /firefox/像性幻想那樣……角色扮演……
SSE1: /firefox/妳喜歡怎樣的情節？ :)
SSE1: /firefox/喜歡玩文字網愛嗎?
SSE1: /firefox/喜歡玩文字網愛嗎?
SSE1: /firefox/喜歡玩文字網愛嗎?
SSE1: /firefox/喜歡玩文字網愛嗎?
SSE1: /firefox/喜歡玩文字網愛嗎?
SSE1: /firefox/我 53 :)
Connected event stream 1: /stream
SSE1: /firefox/喜歡玩文字網愛嗎?
SSE1: /firefox/喜歡玩文字網愛嗎?
SSE1: /firefox/喜歡玩文字網愛嗎?
SSE1: /firefox/喜歡玩文字網愛嗎?
SSE1: /firefox/像性幻想那樣……角色扮演……
SSE1: /firefox/喜歡玩文字網愛嗎?
SSE1: /firefox/喜歡玩文字網愛嗎?
SSE1: /firefox/喜歡玩文字網愛嗎?
SSE1: /firefox/喜歡玩文字網愛嗎?
SSE1: /firefox/喜歡玩文字網愛嗎?
SSE1: /firefox/喜歡玩文字網愛嗎?
SSE1: /firefox/喜歡玩文字網愛嗎?
SSE1: /firefox/晚上好 :)
SSE1: /firefox/喜歡玩文字網愛嗎?
SSE1: /firefox/喜歡玩文字網愛嗎?
SSE1: /firefox/喜歡玩文字網愛嗎?
SSE1: /firefox/喜歡玩文字網愛嗎?
SSE1: /firefox/喜歡玩文字網愛嗎?
SSE1: /firefox/喜歡玩文字網愛嗎?
Connected event stream 3: /conkey
Connected event stream 1: /stream
Connected event stream 1: /stream
Connected event stream 3: /conkey
Connected event stream 1: /stream
Connected event stream 1: /stream
Connected event stream 3: /conkey
Connected event stream 1: /stream
Connected event stream 1: /stream
Connected event stream 3: /conkey
Connected event stream 1: /stream
Connected event stream 1: /stream
Connected event stream 3: /conkey
Connected event stream 1: /stream
Connected event stream 1: /stream
Connected event stream 3: /conkey
Connected event stream 1: /stream
Connected event stream 1: /stream
Connected event stream 3: /conkey
Connected event stream 1: /stream
Connected event stream 1: /stream
Connected event stream 3: /conkey
Connected event stream 1: /stream
Connected event stream 1: /stream
Connected event stream 3: /conkey
Connected event stream 1: /stream
Connected event stream 1: /stream
Connected event stream 3: /conkey
Connected event stream 1: /stream
Connected event stream 1: /stream
Connected event stream 3: /conkey
Connected event stream 1: /stream
Connected event stream 1: /stream
Connected event stream 3: /conkey
Connected event stream 1: /stream
Connected event stream 1: /stream
Connected event stream 1: /stream
Connected event stream 1: /stream
Connected event stream 3: /conkey
Connected event stream 1: /stream
Connected event stream 1: /stream
Connected event stream 1: /stream
Connected event stream 1: /stream
SSE1: /firefox/喜歡玩文字網愛嗎?
SSE1: /firefox/喜歡玩文字網愛嗎?
SSE1: /firefox/晚上好 :)
SSE1: /firefox/喜歡玩文字網愛嗎?
SSE1: /firefox/喜歡玩文字網愛嗎?
SSE1: /firefox/晚上好 :)
SSE1: /firefox/喜歡玩文字網愛嗎?
SSE1: /firefox/想不想玩文字網愛？ 
SSE1: /firefox/想不想玩文字網愛？ 
Connected event stream 1: /stream
Connected event stream 1: /stream
Connected event stream 1: /stream
SSE1: /firefox/喜歡玩文字網愛嗎?
SSE1: /firefox/喜歡玩文字網愛嗎?
SSE1: /firefox/喜歡玩文字網愛嗎?
SSE1: /firefox/喜歡玩文字網愛嗎?
SSE1: /firefox/喜歡玩文字網愛嗎?
SSE1: /firefox/喜歡玩文字網愛嗎?
SSE1: /firefox/咩 Francis？
SSE1: /firefox/喜歡玩文字網愛嗎?
SSE1: /firefox/妳的 skype 是...?
SSE1: /firefox/喜歡玩文字網愛嗎?
SSE1: /firefox/喜歡玩文字網愛嗎?
SSE1: /firefox/喜歡玩文字網愛嗎?
SSE1: /firefox/喜歡玩文字網愛嗎?
SSE1: /firefox/喜歡玩文字網愛嗎?
SSE1: /firefox/喜歡玩文字網愛嗎?
SSE1: /firefox/喜歡玩文字網愛嗎?
SSE1: /firefox/喜歡玩文字網愛嗎?
SSE1: /firefox/喜歡玩文字網愛嗎?
SSE1: /firefox/喜歡玩文字網愛嗎?
SSE1: /firefox/喜歡玩文字網愛嗎?
SSE1: /firefox/喜歡玩文字網愛嗎?
SSE1: /firefox/想不想玩文字網愛？ 
SSE1: /firefox/喜歡玩文字網愛嗎?
SSE1: /firefox/喜歡玩文字網愛嗎?
SSE1: /firefox/喜歡玩文字網愛嗎?
SSE1: /firefox/喜歡玩文字網愛嗎?
SSE1: /firefox/喜歡玩文字網愛嗎?
SSE1: /firefox/喜歡玩文字網愛嗎?
SSE1: /firefox/想唔想玩文字網愛？
SSE1: /firefox/喜歡玩文字網愛嗎?
SSE1: /firefox/喜歡玩文字網愛嗎?
Connected event stream 3: /conkey
Connected event stream 1: /stream
Connected event stream 1: /stream
Connected event stream 1: /stream
Connected event stream 1: /stream
SSE1: /firefox/喜歡玩文字網愛嗎?
SSE1: /firefox/喜歡玩文字網愛嗎?
SSE1: /firefox/喜歡玩文字網愛嗎?
SSE1: /firefox/喜歡玩文字網愛嗎?
SSE1: /firefox/喜歡玩文字網愛嗎?
SSE1: /firefox/喜歡玩文字網愛嗎?
SSE1: /firefox/喜歡玩文字網愛嗎?
SSE1: /firefox/喜歡玩文字網愛嗎?
SSE1: /firefox/喜歡玩文字網愛嗎?
Connected event stream 3: /conkey
Connected event stream 1: /stream
Connected event stream 1: /stream
Connected event stream 1: /stream
Connected event stream 1: /stream
